================================================================================
                                 Configuration                                  
================================================================================
             dataset: mnist                         
            channels: 1                             
          image_size: 32                            
           data_root: data                          
          batch_size: 64                            
               z_dim: 100                           
       learning_rate: 0.0003                        
               beta1: 0.5                           
               beta2: 0.999                         
           g2c_ratio: 3                             
            n_epochs: 8                             
              latent: gaussian                      
             epsilon: 1.0                           
      sinkhorn_iters: 50                            
                loss: sinkhorn_divergence           
               model: otgan                         
        cfm_coupling: sinkhorn                      
             cfm_eps: 0.05                          
           ode_steps: 100                           
           ema_decay: 0.999                         
         critic_sign: True                          
           n_samples: 64                            
            log_step: 1                             
           fid_every: 2                             
              n_eval: 10000                         
     kid_subset_size: 1000                          
      eval_cache_dir: eval_cache                    
            eval_dir: loss_compare/sinkdiv/eval     
            ckpt_dir: loss_compare/sinkdiv/ckpt     
             log_dir: loss_compare/sinkdiv/logs     
                seed: 11                            
              device: auto                          
         max_batches: None                          
         num_workers: 2                             
================================================================================
epoch   0 | D^2=+0.1194 | cross=1.8105 rr=0.4157 ff=0.4298 | 1392.8s
[eval] using cached FID-LeNet weights /Users/danallouche/Documents/optimal-transport-gan/eval_cache/lenet_mnist.pt
[eval] using cached real features /Users/danallouche/Documents/optimal-transport-gan/eval_cache/mnist_test_n10000_inception.pt
[eval] using cached real features /Users/danallouche/Documents/optimal-transport-gan/eval_cache/mnist_test_n10000_lenet.pt
epoch   1 | D^2=+0.0747 | cross=1.6163 rr=0.3815 ff=0.3893 | 1383.2s | FID=274.14 KIDx1e3=371.28 IS=1.97
epoch   2 | D^2=+0.0635 | cross=1.5633 rr=0.3715 ff=0.3784 | 1393.4s
epoch   3 | D^2=+0.0708 | cross=1.8462 rr=0.4397 ff=0.4480 | 1382.5s | FID=152.61 KIDx1e3=191.73 IS=1.92
epoch   4 | D^2=+0.0039 | cross=0.1851 rr=0.0452 ff=0.0454 | 1388.1s
epoch   5 | D^2=+0.0792 | cross=2.1571 rr=0.5183 ff=0.5206 | 1390.6s | FID=41.96 KIDx1e3=33.60 IS=1.93
epoch   6 | D^2=+0.0198 | cross=0.6366 rr=0.1560 ff=0.1524 | 1414.6s
epoch   7 | D^2=+0.0771 | cross=2.0762 rr=0.4976 ff=0.5020 | 1449.3s | FID=24.44 KIDx1e3=13.76 IS=1.98
